c:\users\user\source\repos\helloclient\helloserver\debug\helloserver.pch
c:\users\user\source\repos\helloclient\helloserver\debug\vc141.pdb
c:\users\user\source\repos\helloclient\helloserver\debug\vc141.idb
c:\users\user\source\repos\helloclient\helloserver\debug\stdafx.obj
c:\users\user\source\repos\helloclient\helloserver\debug\helloserver.obj
c:\users\user\source\repos\helloclient\debug\helloserver.exe
c:\users\user\source\repos\helloclient\debug\helloserver.ilk
c:\users\user\source\repos\helloclient\debug\helloserver.pdb
e:\drive_nobackup\ict\c\networkprogarming_tcpserverclient\helloserver\debug\helloserver.obj
e:\drive_nobackup\ict\c\networkprogarming_tcpserverclient\helloserver\debug\stdafx.obj
e:\drive_nobackup\ict\c\networkprogarming_tcpserverclient\helloserver\debug\helloserver.pch
e:\drive_nobackup\ict\c\networkprogarming_tcpserverclient\helloserver\debug\vc141.idb
e:\drive_nobackup\ict\c\networkprogarming_tcpserverclient\helloserver\debug\vc141.pdb
e:\drive_nobackup\ict\c\networkprogarming_tcpserverclient\debug\helloserver.pdb
e:\drive_nobackup\ict\c\networkprogarming_tcpserverclient\debug\helloserver.exe
e:\drive_nobackup\ict\c\networkprogarming_tcpserverclient\debug\helloserver.ilk
e:\drive_nobackup\ict\c\networkprogarming_tcpserverclient\helloserver\debug\helloserver.tlog\cl.command.1.tlog
e:\drive_nobackup\ict\c\networkprogarming_tcpserverclient\helloserver\debug\helloserver.tlog\cl.read.1.tlog
e:\drive_nobackup\ict\c\networkprogarming_tcpserverclient\helloserver\debug\helloserver.tlog\cl.write.1.tlog
e:\drive_nobackup\ict\c\networkprogarming_tcpserverclient\helloserver\debug\helloserver.tlog\link.command.1.tlog
e:\drive_nobackup\ict\c\networkprogarming_tcpserverclient\helloserver\debug\helloserver.tlog\link.read.1.tlog
e:\drive_nobackup\ict\c\networkprogarming_tcpserverclient\helloserver\debug\helloserver.tlog\link.write.1.tlog
