c:\users\user\source\repos\helloclient\helloclient\debug\helloclient.pch
c:\users\user\source\repos\helloclient\helloclient\debug\vc141.pdb
c:\users\user\source\repos\helloclient\helloclient\debug\vc141.idb
c:\users\user\source\repos\helloclient\helloclient\debug\stdafx.obj
c:\users\user\source\repos\helloclient\helloclient\debug\helloclient.obj
c:\users\user\source\repos\helloclient\debug\helloclient.exe
c:\users\user\source\repos\helloclient\debug\helloclient.ilk
c:\users\user\source\repos\helloclient\debug\helloclient.pdb
e:\drive_nobackup\ict\c\networkprogarming_tcpserverclient\helloclient\debug\helloclient.obj
e:\drive_nobackup\ict\c\networkprogarming_tcpserverclient\helloclient\debug\stdafx.obj
e:\drive_nobackup\ict\c\networkprogarming_tcpserverclient\helloclient\debug\helloclient.obj.enc
e:\drive_nobackup\ict\c\networkprogarming_tcpserverclient\helloclient\debug\helloclient.pch
e:\drive_nobackup\ict\c\networkprogarming_tcpserverclient\helloclient\debug\vc141.idb
e:\drive_nobackup\ict\c\networkprogarming_tcpserverclient\helloclient\debug\vc141.pdb
e:\drive_nobackup\ict\c\networkprogarming_tcpserverclient\debug\helloclient.pdb
e:\drive_nobackup\ict\c\networkprogarming_tcpserverclient\debug\helloclient.exe
e:\drive_nobackup\ict\c\networkprogarming_tcpserverclient\debug\helloclient.ilk
e:\drive_nobackup\ict\c\networkprogarming_tcpserverclient\helloclient\debug\helloclient.tlog\cl.command.1.tlog
e:\drive_nobackup\ict\c\networkprogarming_tcpserverclient\helloclient\debug\helloclient.tlog\cl.read.1.tlog
e:\drive_nobackup\ict\c\networkprogarming_tcpserverclient\helloclient\debug\helloclient.tlog\cl.write.1.tlog
e:\drive_nobackup\ict\c\networkprogarming_tcpserverclient\helloclient\debug\helloclient.tlog\link.command.1.tlog
e:\drive_nobackup\ict\c\networkprogarming_tcpserverclient\helloclient\debug\helloclient.tlog\link.read.1.tlog
e:\drive_nobackup\ict\c\networkprogarming_tcpserverclient\helloclient\debug\helloclient.tlog\link.write.1.tlog
