c:\users\user\source\repos\helloclient\clientinfo\debug\clientinfo.pch
c:\users\user\source\repos\helloclient\clientinfo\debug\vc141.pdb
c:\users\user\source\repos\helloclient\clientinfo\debug\vc141.idb
c:\users\user\source\repos\helloclient\clientinfo\debug\stdafx.obj
c:\users\user\source\repos\helloclient\clientinfo\debug\clientinfo.obj
c:\users\user\source\repos\helloclient\debug\clientinfo.exe
c:\users\user\source\repos\helloclient\debug\clientinfo.ilk
c:\users\user\source\repos\helloclient\debug\clientinfo.pdb
e:\drive_nobackup\ict\c\networkprogarming_tcpserverclient\clientinfo\debug\clientinfo.obj
e:\drive_nobackup\ict\c\networkprogarming_tcpserverclient\clientinfo\debug\stdafx.obj
e:\drive_nobackup\ict\c\networkprogarming_tcpserverclient\clientinfo\debug\clientinfo.pch
e:\drive_nobackup\ict\c\networkprogarming_tcpserverclient\clientinfo\debug\vc141.idb
e:\drive_nobackup\ict\c\networkprogarming_tcpserverclient\clientinfo\debug\vc141.pdb
e:\drive_nobackup\ict\c\networkprogarming_tcpserverclient\debug\clientinfo.pdb
e:\drive_nobackup\ict\c\networkprogarming_tcpserverclient\debug\clientinfo.exe
e:\drive_nobackup\ict\c\networkprogarming_tcpserverclient\debug\clientinfo.ilk
e:\drive_nobackup\ict\c\networkprogarming_tcpserverclient\clientinfo\debug\clientinfo.tlog\cl.command.1.tlog
e:\drive_nobackup\ict\c\networkprogarming_tcpserverclient\clientinfo\debug\clientinfo.tlog\cl.read.1.tlog
e:\drive_nobackup\ict\c\networkprogarming_tcpserverclient\clientinfo\debug\clientinfo.tlog\cl.write.1.tlog
e:\drive_nobackup\ict\c\networkprogarming_tcpserverclient\clientinfo\debug\clientinfo.tlog\link.command.1.tlog
e:\drive_nobackup\ict\c\networkprogarming_tcpserverclient\clientinfo\debug\clientinfo.tlog\link.read.1.tlog
e:\drive_nobackup\ict\c\networkprogarming_tcpserverclient\clientinfo\debug\clientinfo.tlog\link.write.1.tlog
