c:\users\user\source\repos\helloclient\serverinfo\debug\serverinfo.pch
c:\users\user\source\repos\helloclient\serverinfo\debug\vc141.pdb
c:\users\user\source\repos\helloclient\serverinfo\debug\vc141.idb
c:\users\user\source\repos\helloclient\serverinfo\debug\stdafx.obj
c:\users\user\source\repos\helloclient\serverinfo\debug\serverinfo.obj
c:\users\user\source\repos\helloclient\debug\serverinfo.exe
c:\users\user\source\repos\helloclient\debug\serverinfo.ilk
c:\users\user\source\repos\helloclient\debug\serverinfo.pdb
e:\drive_nobackup\ict\c\networkprogarming_tcpserverclient\serverinfo\debug\serverinfo.obj
e:\drive_nobackup\ict\c\networkprogarming_tcpserverclient\serverinfo\debug\stdafx.obj
e:\drive_nobackup\ict\c\networkprogarming_tcpserverclient\serverinfo\debug\serverinfo.pch
e:\drive_nobackup\ict\c\networkprogarming_tcpserverclient\serverinfo\debug\vc141.idb
e:\drive_nobackup\ict\c\networkprogarming_tcpserverclient\serverinfo\debug\vc141.pdb
e:\drive_nobackup\ict\c\networkprogarming_tcpserverclient\debug\serverinfo.pdb
e:\drive_nobackup\ict\c\networkprogarming_tcpserverclient\debug\serverinfo.exe
e:\drive_nobackup\ict\c\networkprogarming_tcpserverclient\debug\serverinfo.ilk
e:\drive_nobackup\ict\c\networkprogarming_tcpserverclient\serverinfo\debug\serverinfo.tlog\cl.command.1.tlog
e:\drive_nobackup\ict\c\networkprogarming_tcpserverclient\serverinfo\debug\serverinfo.tlog\cl.read.1.tlog
e:\drive_nobackup\ict\c\networkprogarming_tcpserverclient\serverinfo\debug\serverinfo.tlog\cl.write.1.tlog
e:\drive_nobackup\ict\c\networkprogarming_tcpserverclient\serverinfo\debug\serverinfo.tlog\link.command.1.tlog
e:\drive_nobackup\ict\c\networkprogarming_tcpserverclient\serverinfo\debug\serverinfo.tlog\link.read.1.tlog
e:\drive_nobackup\ict\c\networkprogarming_tcpserverclient\serverinfo\debug\serverinfo.tlog\link.write.1.tlog
